[2026-04-11T08:52:41.141Z] GET http://localhost:5173/ → 200 (23ms, 1193B)
[2026-04-11T08:52:41.176Z] GET http://localhost:5173/@vite/client → 200 (10ms, 137725B)
[2026-04-11T08:52:41.176Z] GET https://fonts.googleapis.com/css2?family=Inter:wght@300;400;500;600&family=JetBrains+Mono:wght@400;500&family=Playfair+Display:wght@400;500;600;700&display=swap → 200 (307ms, 21718B)
[2026-04-11T08:52:41.176Z] GET http://localhost:5173/src/main.tsx?t=1775897434601 → 200 (10ms, 2566B)
[2026-04-11T08:52:41.186Z] GET http://localhost:5173/@react-refresh → 200 (5ms, 117548B)
[2026-04-11T08:52:41.186Z] GET http://localhost:5173/node_modules/.vite/deps/react_jsx-dev-runtime.js?v=56c89d95 → 200 (5ms, 36963B)
[2026-04-11T08:52:41.186Z] GET http://localhost:5173/node_modules/.vite/deps/react.js?v=56c89d95 → 200 (5ms, 155B)
[2026-04-11T08:52:41.187Z] GET http://localhost:5173/node_modules/.vite/deps/react-dom_client.js?v=4bd21b2f → 200 (5ms, 1054B)
[2026-04-11T08:52:41.189Z] GET http://localhost:5173/node_modules/.vite/deps/react-router-dom.js?v=7034c3f5 → 200 (6ms, 209920B)
[2026-04-11T08:52:41.189Z] GET http://localhost:5173/src/App.tsx?t=1775897434601 → 200 (14ms, 8981B)
[2026-04-11T08:52:41.189Z] GET http://localhost:5173/src/index.css?t=1775897434601 → 200 (2ms, 27902B)
[2026-04-11T08:52:41.189Z] GET http://localhost:5173/node_modules/vite/dist/client/env.mjs → 200 (3ms, 4021B)
[2026-04-11T08:52:41.191Z] GET http://localhost:5173/node_modules/.vite/deps/chunk-2YIMICFJ.js?v=69528c07 → 200 (3ms, 79217B)
[2026-04-11T08:52:41.192Z] GET http://localhost:5173/node_modules/.vite/deps/chunk-BCXODTBQ.js?v=69528c07 → 200 (13ms, 928023B)
[2026-04-11T08:52:41.203Z] GET http://localhost:5173/node_modules/.vite/deps/framer-motion.js?v=94db3779 → 200 (20ms, 358237B)
[2026-04-11T08:52:41.203Z] GET http://localhost:5173/src/components/Navbar.tsx?t=1775897324455 → 200 (2ms, 22594B)
[2026-04-11T08:52:41.203Z] GET http://localhost:5173/src/pages/Home.tsx?t=1775897350603 → 200 (4ms, 49911B)
[2026-04-11T08:52:41.203Z] GET http://localhost:5173/src/pages/Work.tsx?t=1775897358373 → 200 (4ms, 17989B)
[2026-04-11T08:52:41.203Z] GET http://localhost:5173/src/pages/Process.tsx?t=1775897365136 → 200 (19ms, 18135B)
[2026-04-11T08:52:41.204Z] GET http://localhost:5173/src/pages/Pricing.tsx?t=1775897384100 → 200 (18ms, 21980B)
[2026-04-11T08:52:41.204Z] GET http://localhost:5173/src/pages/About.tsx?t=1775897390955 → 200 (2ms, 23932B)
[2026-04-11T08:52:41.204Z] GET http://localhost:5173/src/pages/Contact.tsx?t=1775897434601 → 200 (19ms, 47688B)
[2026-04-11T08:52:41.206Z] GET http://localhost:5173/src/components/SuperEffects.tsx?t=1775896064132 → 200 (16ms, 8448B)
[2026-04-11T08:52:41.223Z] GET http://localhost:5173/node_modules/.vite/deps/chunk-RLMGAKMB.js?v=69528c07 → 200 (?ms, 37296B)
[2026-04-11T08:52:41.538Z] GET https://fonts.googleapis.com/css2?family=Instrument+Sans:wght@400;500;600;700&family=Instrument+Serif:ital@0;1&family=JetBrains+Mono:wght@400;500&display=swap → 200 (71ms, 10765B)
[2026-04-11T08:52:41.609Z] GET https://fonts.gstatic.com/s/jetbrainsmono/v24/tDbv2o-flEEny0FZhsfKu5WU4zr3E_BX0PnT8RD8yKwBNntkaToggR7BYRbKPxDcwgknk-4.woff2 → 200 (165ms, 31340B)
[2026-04-11T08:52:41.623Z] GET https://fonts.gstatic.com/s/instrumentserif/v5/jizBRFtNs2ka5fXjeivQ4LroWlx-6zUTjnTLgNs.woff2 → 200 (249ms, 15040B)
[2026-04-11T08:52:41.623Z] GET https://fonts.gstatic.com/s/instrumentserif/v5/jizHRFtNs2ka5fXjeivQ4LroWlx-6zAjjH7Motmp5g.woff2 → 200 (266ms, 15684B)
[2026-04-11T08:52:41.626Z] GET https://fonts.gstatic.com/s/instrumentsans/v4/pxiTypc9vsFDm051Uf6KVwgkfoSxQ0GsQv8ToedPibnr0SZe1ZuWi3g.woff2 → 200 (163ms, 29904B)
